<?xml version="1.0" encoding="UTF-8"?>
<!-- Generated by org.testng.reporters.JUnitReportReporter -->
<testsuite hostname="DESKTOP-RP0PN2F" name="org.quanphong.cinema.testing.snackServiceTest" tests="5" failures="0" timestamp="31 Dec 2017 11:37:04 GMT" time="11.116" errors="0">
  <testcase name="getAllSnack" time="1.162" classname="org.quanphong.cinema.testing.snackServiceTest"/>
  <testcase name="updateMovie" time="1.145" classname="org.quanphong.cinema.testing.snackServiceTest"/>
  <testcase name="addMovie" time="5.940" classname="org.quanphong.cinema.testing.snackServiceTest"/>
  <testcase name="getSnack" time="1.048" classname="org.quanphong.cinema.testing.snackServiceTest"/>
  <testcase name="deleteMovie" time="1.821" classname="org.quanphong.cinema.testing.snackServiceTest"/>
</testsuite> <!-- org.quanphong.cinema.testing.snackServiceTest -->
