<?xml version="1.0" encoding="UTF-8"?>
<!-- Generated by org.testng.reporters.JUnitReportReporter -->
<testsuite hostname="DESKTOP-RP0PN2F" name="org.quanphong.cinema.testing.movieDaoTest" tests="5" failures="0" timestamp="3 Jan 2018 01:53:05 GMT" time="10.575" errors="0">
  <testcase name="getAllmovie" time="1.190" classname="org.quanphong.cinema.testing.movieDaoTest"/>
  <testcase name="deleteMovie" time="1.942" classname="org.quanphong.cinema.testing.movieDaoTest"/>
  <testcase name="getMovie" time="1.126" classname="org.quanphong.cinema.testing.movieDaoTest"/>
  <testcase name="addMovie" time="1.317" classname="org.quanphong.cinema.testing.movieDaoTest"/>
  <testcase name="updateMovie" time="5.000" classname="org.quanphong.cinema.testing.movieDaoTest"/>
</testsuite> <!-- org.quanphong.cinema.testing.movieDaoTest -->
