<?xml version="1.0" encoding="UTF-8"?>
<!-- Generated by org.testng.reporters.JUnitReportReporter -->
<testsuite hostname="DESKTOP-RP0PN2F" name="org.quanphong.cinema.testing.circleTestNG" tests="3" failures="0" timestamp="27 Dec 2017 07:42:45 GMT" time="0.101" errors="0">
  <testcase name="illegalCalculate" time="0.002" classname="org.quanphong.cinema.testing.circleTestNG"/>
  <testcase name="illegalCalculate" time="0.079" classname="org.quanphong.cinema.testing.circleTestNG"/>
  <testcase name="calculate" time="0.020" classname="org.quanphong.cinema.testing.circleTestNG"/>
</testsuite> <!-- org.quanphong.cinema.testing.circleTestNG -->
