<?xml version="1.0" encoding="UTF-8"?>
<!-- Generated by org.testng.reporters.JUnitReportReporter -->
<testsuite hostname="DESKTOP-RP0PN2F" name="org.quanphong.cinema.testing.newServicetest" tests="5" failures="0" timestamp="31 Dec 2017 11:33:57 GMT" time="11.458" errors="0">
  <testcase name="updateNew" time="1.508" classname="org.quanphong.cinema.testing.newServicetest"/>
  <testcase name="getAllnew" time="1.348" classname="org.quanphong.cinema.testing.newServicetest"/>
  <testcase name="deleteNew" time="6.003" classname="org.quanphong.cinema.testing.newServicetest"/>
  <testcase name="createNewnew" time="1.395" classname="org.quanphong.cinema.testing.newServicetest"/>
  <testcase name="getNew" time="1.204" classname="org.quanphong.cinema.testing.newServicetest"/>
</testsuite> <!-- org.quanphong.cinema.testing.newServicetest -->
