<?xml version="1.0" encoding="UTF-8"?>
<!-- Generated by org.testng.reporters.JUnitReportReporter -->
<testsuite hostname="DESKTOP-RP0PN2F" name="org.quanphong.cinema.testing.newDAOtest" tests="5" failures="0" timestamp="3 Jan 2018 05:57:42 GMT" time="11.595" errors="0">
  <testcase name="createNewnew" time="1.212" classname="org.quanphong.cinema.testing.newDAOtest"/>
  <testcase name="updateNew" time="1.146" classname="org.quanphong.cinema.testing.newDAOtest"/>
  <testcase name="getNew" time="1.928" classname="org.quanphong.cinema.testing.newDAOtest"/>
  <testcase name="deleteNew" time="1.698" classname="org.quanphong.cinema.testing.newDAOtest"/>
  <testcase name="getAllnew" time="5.611" classname="org.quanphong.cinema.testing.newDAOtest"/>
</testsuite> <!-- org.quanphong.cinema.testing.newDAOtest -->
