<?xml version="1.0" encoding="UTF-8"?>
<!-- Generated by org.testng.reporters.JUnitReportReporter -->
<testsuite hostname="DESKTOP-RP0PN2F" name="org.quanphong.cinema.testing.movieServiceTest" tests="5" failures="1" timestamp="3 Jan 2018 05:35:59 GMT" time="8.929" errors="0">
  <testcase name="getAllMovie" time="0.959" classname="org.quanphong.cinema.testing.movieServiceTest"/>
  <testcase name="addMovie" time="1.065" classname="org.quanphong.cinema.testing.movieServiceTest"/>
  <testcase name="deleteMovie" time="1.460" classname="org.quanphong.cinema.testing.movieServiceTest"/>
  <testcase name="updateMovie" time="0.985" classname="org.quanphong.cinema.testing.movieServiceTest">
    <failure type="org.hibernate.NonUniqueObjectException" message="A different object with the same identifier value was already associated with the session : [org.quanphong.cinema.model.Movie#17]">
      <![CDATA[org.hibernate.NonUniqueObjectException: A different object with the same identifier value was already associated with the session : [org.quanphong.cinema.model.Movie#17]
	at org.hibernate.engine.internal.StatefulPersistenceContext.checkUniqueness(StatefulPersistenceContext.java:594)
	at org.hibernate.event.internal.DefaultSaveOrUpdateEventListener.performUpdate(DefaultSaveOrUpdateEventListener.java:284)
	at org.hibernate.event.internal.DefaultSaveOrUpdateEventListener.entityIsDetached(DefaultSaveOrUpdateEventListener.java:227)
	at org.hibernate.event.internal.DefaultUpdateEventListener.performSaveOrUpdate(DefaultUpdateEventListener.java:38)
	at org.hibernate.event.internal.DefaultSaveOrUpdateEventListener.onSaveOrUpdate(DefaultSaveOrUpdateEventListener.java:73)
	at org.hibernate.internal.SessionImpl.fireUpdate(SessionImpl.java:702)
	at org.hibernate.internal.SessionImpl.update(SessionImpl.java:694)
	at org.hibernate.internal.SessionImpl.update(SessionImpl.java:689)
	at sun.reflect.NativeMethodAccessorImpl.invoke0(Native Method)
	at sun.reflect.NativeMethodAccessorImpl.invoke(Unknown Source)
	at sun.reflect.DelegatingMethodAccessorImpl.invoke(Unknown Source)
	at java.lang.reflect.Method.invoke(Unknown Source)
	at org.hibernate.context.internal.ThreadLocalSessionContext$TransactionProtectionWrapper.invoke(ThreadLocalSessionContext.java:338)
	at com.sun.proxy.$Proxy33.update(Unknown Source)
	at org.quanphong.cinema.dao.MovieDAO.updateMovieREST(MovieDAO.java:62)
	at org.quanphong.cinema.service.MovieService.updateMovieREST(MovieService.java:58)
	at org.quanphong.cinema.testing.movieServiceTest.updateMovie(movieServiceTest.java:105)
	at sun.reflect.NativeMethodAccessorImpl.invoke0(Native Method)
	at sun.reflect.NativeMethodAccessorImpl.invoke(Unknown Source)
	at sun.reflect.DelegatingMethodAccessorImpl.invoke(Unknown Source)
	at java.lang.reflect.Method.invoke(Unknown Source)
	at org.testng.internal.MethodInvocationHelper.invokeMethod(MethodInvocationHelper.java:80)
	at org.testng.internal.Invoker.invokeMethod(Invoker.java:714)
	at org.testng.internal.Invoker.invokeTestMethod(Invoker.java:901)
	at org.testng.internal.Invoker.invokeTestMethods(Invoker.java:1231)
	at org.testng.internal.TestMethodWorker.invokeTestMethods(TestMethodWorker.java:127)
	at org.testng.internal.TestMethodWorker.run(TestMethodWorker.java:111)
	at org.testng.TestRunner.privateRun(TestRunner.java:767)
	at org.testng.TestRunner.run(TestRunner.java:617)
	at org.testng.SuiteRunner.runTest(SuiteRunner.java:334)
	at org.testng.SuiteRunner.runSequentially(SuiteRunner.java:329)
	at org.testng.SuiteRunner.privateRun(SuiteRunner.java:291)
	at org.testng.SuiteRunner.run(SuiteRunner.java:240)
	at org.testng.SuiteRunnerWorker.runSuite(SuiteRunnerWorker.java:52)
	at org.testng.SuiteRunnerWorker.run(SuiteRunnerWorker.java:86)
	at org.testng.TestNG.runSuitesSequentially(TestNG.java:1198)
	at org.testng.TestNG.runSuitesLocally(TestNG.java:1123)
	at org.testng.TestNG.run(TestNG.java:1031)
	at org.testng.remote.AbstractRemoteTestNG.run(AbstractRemoteTestNG.java:114)
	at org.testng.remote.RemoteTestNG.initAndRun(RemoteTestNG.java:251)
	at org.testng.remote.RemoteTestNG.main(RemoteTestNG.java:77)
]]>
    </failure>
  </testcase> <!-- updateMovie -->
  <testcase name="getMovie" time="4.460" classname="org.quanphong.cinema.testing.movieServiceTest"/>
</testsuite> <!-- org.quanphong.cinema.testing.movieServiceTest -->
